<?xml version="1.0" encoding="UTF-8"?>
<testng-results ignored="0" total="1" passed="1" failed="0" skipped="0">
  <reporter-output>
  </reporter-output>
  <suite started-at="2021-06-04T14:47:49 CDT" name="Default Suite" finished-at="2021-06-04T14:48:31 CDT" duration-ms="42129">
    <groups>
    </groups>
    <test started-at="2021-06-04T14:47:49 CDT" name="frontgatetickets.com" finished-at="2021-06-04T14:48:31 CDT" duration-ms="42129">
      <class name="FrontGateTickets.Testa">
        <test-method is-config="true" signature="setUp()[pri:0, instance:FrontGateTickets.Testa@4afcd809]" started-at="2021-06-04T14:47:49 CDT" name="setUp" finished-at="2021-06-04T14:47:53 CDT" duration-ms="3845" status="PASS">
          <reporter-output>
          </reporter-output>
        </test-method> <!-- setUp -->
        <test-method signature="S()[pri:0, instance:FrontGateTickets.Testa@4afcd809]" started-at="2021-06-04T14:47:53 CDT" name="S" finished-at="2021-06-04T14:48:31 CDT" duration-ms="38006" status="PASS">
          <reporter-output>
          </reporter-output>
        </test-method> <!-- S -->
        <test-method is-config="true" signature="tearDown()[pri:0, instance:FrontGateTickets.Testa@4afcd809]" started-at="2021-06-04T14:48:31 CDT" name="tearDown" finished-at="2021-06-04T14:48:31 CDT" duration-ms="205" status="PASS">
          <reporter-output>
          </reporter-output>
        </test-method> <!-- tearDown -->
      </class> <!-- FrontGateTickets.Testa -->
    </test> <!-- frontgatetickets.com -->
  </suite> <!-- Default Suite -->
</testng-results>
